{"E:\\CSC307\\Chessence\\chessence-backend\\models\\user-services.js": {"path":"E:\\CSC307\\Chessence\\chessence-backend\\models\\user-services.js","statementMap":{"0":{"start":{"line":7,"column":0},"end":{"line":7,"column":16}},"1":{"start":{"line":10,"column":0},"end":{"line":10,"column":28}},"2":{"start":{"line":12,"column":0},"end":{"line":26,"column":2}},"3":{"start":{"line":34,"column":4},"end":{"line":34,"column":58}},"4":{"start":{"line":39,"column":18},"end":{"line":39,"column":70}},"5":{"start":{"line":41,"column":4},"end":{"line":43,"column":5}},"6":{"start":{"line":42,"column":8},"end":{"line":42,"column":21}},"7":{"start":{"line":45,"column":22},"end":{"line":45,"column":58}},"8":{"start":{"line":47,"column":22},"end":{"line":53,"column":6}},"9":{"start":{"line":55,"column":22},"end":{"line":55,"column":44}},"10":{"start":{"line":57,"column":4},"end":{"line":57,"column":21}},"11":{"start":{"line":66,"column":17},"end":{"line":66,"column":58}},"12":{"start":{"line":68,"column":4},"end":{"line":71,"column":5}},"13":{"start":{"line":70,"column":8},"end":{"line":70,"column":21}},"14":{"start":{"line":74,"column":26},"end":{"line":74,"column":71}},"15":{"start":{"line":76,"column":4},"end":{"line":82,"column":5}},"16":{"start":{"line":78,"column":8},"end":{"line":78,"column":20}},"17":{"start":{"line":81,"column":8},"end":{"line":81,"column":21}},"18":{"start":{"line":91,"column":18},"end":{"line":91,"column":46}},"19":{"start":{"line":93,"column":4},"end":{"line":95,"column":5}},"20":{"start":{"line":94,"column":8},"end":{"line":94,"column":21}},"21":{"start":{"line":97,"column":21},"end":{"line":97,"column":65}},"22":{"start":{"line":99,"column":4},"end":{"line":131,"column":5}},"23":{"start":{"line":100,"column":23},"end":{"line":100,"column":34}},"24":{"start":{"line":101,"column":23},"end":{"line":101,"column":25}},"25":{"start":{"line":103,"column":8},"end":{"line":105,"column":9}},"26":{"start":{"line":104,"column":12},"end":{"line":104,"column":46}},"27":{"start":{"line":106,"column":8},"end":{"line":108,"column":9}},"28":{"start":{"line":107,"column":12},"end":{"line":107,"column":44}},"29":{"start":{"line":109,"column":8},"end":{"line":111,"column":9}},"30":{"start":{"line":110,"column":12},"end":{"line":110,"column":38}},"31":{"start":{"line":112,"column":8},"end":{"line":114,"column":9}},"32":{"start":{"line":113,"column":12},"end":{"line":113,"column":44}},"33":{"start":{"line":115,"column":8},"end":{"line":118,"column":9}},"34":{"start":{"line":116,"column":30},"end":{"line":116,"column":66}},"35":{"start":{"line":117,"column":12},"end":{"line":117,"column":40}},"36":{"start":{"line":120,"column":26},"end":{"line":120,"column":30}},"37":{"start":{"line":121,"column":8},"end":{"line":126,"column":9}},"38":{"start":{"line":122,"column":12},"end":{"line":124,"column":15}},"39":{"start":{"line":125,"column":12},"end":{"line":125,"column":31}},"40":{"start":{"line":128,"column":8},"end":{"line":128,"column":27}},"41":{"start":{"line":130,"column":8},"end":{"line":130,"column":21}}},"fnMap":{"0":{"name":"deleteUser","decl":{"start":{"line":33,"column":15},"end":{"line":33,"column":25}},"loc":{"start":{"line":33,"column":36},"end":{"line":35,"column":1}},"line":33},"1":{"name":"addUser","decl":{"start":{"line":37,"column":15},"end":{"line":37,"column":22}},"loc":{"start":{"line":37,"column":29},"end":{"line":62,"column":1}},"line":37},"2":{"name":"login","decl":{"start":{"line":64,"column":15},"end":{"line":64,"column":20}},"loc":{"start":{"line":64,"column":38},"end":{"line":87,"column":1}},"line":64},"3":{"name":"updateProfile","decl":{"start":{"line":89,"column":15},"end":{"line":89,"column":28}},"loc":{"start":{"line":89,"column":47},"end":{"line":136,"column":1}},"line":89}},"branchMap":{"0":{"loc":{"start":{"line":41,"column":4},"end":{"line":43,"column":5}},"type":"if","locations":[{"start":{"line":41,"column":4},"end":{"line":43,"column":5}},{"start":{},"end":{}}],"line":41},"1":{"loc":{"start":{"line":68,"column":4},"end":{"line":71,"column":5}},"type":"if","locations":[{"start":{"line":68,"column":4},"end":{"line":71,"column":5}},{"start":{},"end":{}}],"line":68},"2":{"loc":{"start":{"line":76,"column":4},"end":{"line":82,"column":5}},"type":"if","locations":[{"start":{"line":76,"column":4},"end":{"line":82,"column":5}},{"start":{"line":79,"column":11},"end":{"line":82,"column":5}}],"line":76},"3":{"loc":{"start":{"line":93,"column":4},"end":{"line":95,"column":5}},"type":"if","locations":[{"start":{"line":93,"column":4},"end":{"line":95,"column":5}},{"start":{},"end":{}}],"line":93},"4":{"loc":{"start":{"line":99,"column":4},"end":{"line":131,"column":5}},"type":"if","locations":[{"start":{"line":99,"column":4},"end":{"line":131,"column":5}},{"start":{"line":129,"column":11},"end":{"line":131,"column":5}}],"line":99},"5":{"loc":{"start":{"line":103,"column":8},"end":{"line":105,"column":9}},"type":"if","locations":[{"start":{"line":103,"column":8},"end":{"line":105,"column":9}},{"start":{},"end":{}}],"line":103},"6":{"loc":{"start":{"line":106,"column":8},"end":{"line":108,"column":9}},"type":"if","locations":[{"start":{"line":106,"column":8},"end":{"line":108,"column":9}},{"start":{},"end":{}}],"line":106},"7":{"loc":{"start":{"line":109,"column":8},"end":{"line":111,"column":9}},"type":"if","locations":[{"start":{"line":109,"column":8},"end":{"line":111,"column":9}},{"start":{},"end":{}}],"line":109},"8":{"loc":{"start":{"line":112,"column":8},"end":{"line":114,"column":9}},"type":"if","locations":[{"start":{"line":112,"column":8},"end":{"line":114,"column":9}},{"start":{},"end":{}}],"line":112},"9":{"loc":{"start":{"line":115,"column":8},"end":{"line":118,"column":9}},"type":"if","locations":[{"start":{"line":115,"column":8},"end":{"line":118,"column":9}},{"start":{},"end":{}}],"line":115},"10":{"loc":{"start":{"line":121,"column":8},"end":{"line":126,"column":9}},"type":"if","locations":[{"start":{"line":121,"column":8},"end":{"line":126,"column":9}},{"start":{},"end":{}}],"line":121}},"s":{"0":1,"1":1,"2":1,"3":8,"4":9,"5":9,"6":1,"7":8,"8":8,"9":8,"10":8,"11":3,"12":3,"13":1,"14":2,"15":2,"16":1,"17":1,"18":4,"19":4,"20":1,"21":3,"22":3,"23":2,"24":2,"25":2,"26":1,"27":2,"28":1,"29":2,"30":1,"31":2,"32":1,"33":2,"34":1,"35":1,"36":2,"37":2,"38":1,"39":1,"40":1,"41":1},"f":{"0":8,"1":9,"2":3,"3":4},"b":{"0":[1,8],"1":[1,2],"2":[1,1],"3":[1,3],"4":[2,1],"5":[1,1],"6":[1,1],"7":[1,1],"8":[1,1],"9":[1,1],"10":[1,1]},"_coverageSchema":"1a1c01bbd47fc00a2c39e90264f33305004495a9","hash":"c6755e29e23a99fd375789d485cbfae42ee567ea"}
,"E:\\CSC307\\Chessence\\chessence-backend\\models\\user.js": {"path":"E:\\CSC307\\Chessence\\chessence-backend\\models\\user.js","statementMap":{"0":{"start":{"line":3,"column":19},"end":{"line":32,"column":1}}},"fnMap":{},"branchMap":{},"s":{"0":1},"f":{},"b":{},"_coverageSchema":"1a1c01bbd47fc00a2c39e90264f33305004495a9","hash":"01a2d40cdbca62a0dbadfa34d96cdd68d8faf31b"}
}
