{"/Users/edson/Cal Poly/Fall 2023/CSC 307/Chessence/chessence-backend/models/game-services.js": {"path":"/Users/edson/Cal Poly/Fall 2023/CSC 307/Chessence/chessence-backend/models/game-services.js","statementMap":{"0":{"start":{"line":6,"column":0},"end":{"line":6,"column":16}},"1":{"start":{"line":8,"column":0},"end":{"line":8,"column":28}},"2":{"start":{"line":10,"column":0},"end":{"line":10,"column":42}},"3":{"start":{"line":14,"column":4},"end":{"line":18,"column":5}},"4":{"start":{"line":15,"column":8},"end":{"line":15,"column":40}},"5":{"start":{"line":17,"column":8},"end":{"line":17,"column":40}},"6":{"start":{"line":19,"column":4},"end":{"line":19,"column":18}},"7":{"start":{"line":24,"column":4},"end":{"line":24,"column":40}},"8":{"start":{"line":33,"column":22},"end":{"line":33,"column":41}},"9":{"start":{"line":34,"column":22},"end":{"line":34,"column":44}},"10":{"start":{"line":35,"column":4},"end":{"line":35,"column":21}},"11":{"start":{"line":44,"column":4},"end":{"line":44,"column":42}},"12":{"start":{"line":45,"column":4},"end":{"line":45,"column":16}}},"fnMap":{"0":{"name":"getGames","decl":{"start":{"line":12,"column":15},"end":{"line":12,"column":23}},"loc":{"start":{"line":12,"column":28},"end":{"line":20,"column":1}},"line":12},"1":{"name":"findGameById","decl":{"start":{"line":22,"column":15},"end":{"line":22,"column":27}},"loc":{"start":{"line":22,"column":32},"end":{"line":29,"column":1}},"line":22},"2":{"name":"addGame","decl":{"start":{"line":31,"column":15},"end":{"line":31,"column":22}},"loc":{"start":{"line":31,"column":29},"end":{"line":40,"column":1}},"line":31},"3":{"name":"deleteGame","decl":{"start":{"line":42,"column":15},"end":{"line":42,"column":25}},"loc":{"start":{"line":42,"column":30},"end":{"line":50,"column":1}},"line":42}},"branchMap":{"0":{"loc":{"start":{"line":14,"column":4},"end":{"line":18,"column":5}},"type":"if","locations":[{"start":{"line":14,"column":4},"end":{"line":18,"column":5}},{"start":{"line":16,"column":11},"end":{"line":18,"column":5}}],"line":14}},"s":{"0":1,"1":1,"2":1,"3":2,"4":1,"5":1,"6":2,"7":1,"8":5,"9":5,"10":5,"11":5,"12":5},"f":{"0":2,"1":1,"2":5,"3":5},"b":{"0":[1,1]},"_coverageSchema":"1a1c01bbd47fc00a2c39e90264f33305004495a9","hash":"268b7f90950073a75ed65f7643beeb739fc054ef"}
,"/Users/edson/Cal Poly/Fall 2023/CSC 307/Chessence/chessence-backend/models/game.js": {"path":"/Users/edson/Cal Poly/Fall 2023/CSC 307/Chessence/chessence-backend/models/game.js","statementMap":{"0":{"start":{"line":3,"column":19},"end":{"line":32,"column":1}}},"fnMap":{},"branchMap":{},"s":{"0":1},"f":{},"b":{},"_coverageSchema":"1a1c01bbd47fc00a2c39e90264f33305004495a9","hash":"6cdad928c1d5ab3c6ed1f39d4f5885021309904e"}
,"/Users/edson/Cal Poly/Fall 2023/CSC 307/Chessence/chessence-backend/models/user-services.js": {"path":"/Users/edson/Cal Poly/Fall 2023/CSC 307/Chessence/chessence-backend/models/user-services.js","statementMap":{"0":{"start":{"line":7,"column":0},"end":{"line":7,"column":16}},"1":{"start":{"line":10,"column":0},"end":{"line":10,"column":28}},"2":{"start":{"line":12,"column":0},"end":{"line":12,"column":42}},"3":{"start":{"line":20,"column":4},"end":{"line":20,"column":58}},"4":{"start":{"line":25,"column":18},"end":{"line":25,"column":70}},"5":{"start":{"line":27,"column":4},"end":{"line":29,"column":5}},"6":{"start":{"line":28,"column":8},"end":{"line":28,"column":21}},"7":{"start":{"line":31,"column":22},"end":{"line":31,"column":58}},"8":{"start":{"line":33,"column":22},"end":{"line":39,"column":6}},"9":{"start":{"line":41,"column":22},"end":{"line":41,"column":44}},"10":{"start":{"line":43,"column":4},"end":{"line":43,"column":21}},"11":{"start":{"line":52,"column":17},"end":{"line":52,"column":58}},"12":{"start":{"line":54,"column":4},"end":{"line":57,"column":5}},"13":{"start":{"line":56,"column":8},"end":{"line":56,"column":21}},"14":{"start":{"line":60,"column":26},"end":{"line":60,"column":71}},"15":{"start":{"line":62,"column":4},"end":{"line":70,"column":5}},"16":{"start":{"line":64,"column":8},"end":{"line":64,"column":38}},"17":{"start":{"line":65,"column":23},"end":{"line":65,"column":31}},"18":{"start":{"line":66,"column":8},"end":{"line":66,"column":33}},"19":{"start":{"line":69,"column":8},"end":{"line":69,"column":21}},"20":{"start":{"line":88,"column":18},"end":{"line":88,"column":46}},"21":{"start":{"line":90,"column":4},"end":{"line":92,"column":5}},"22":{"start":{"line":91,"column":8},"end":{"line":91,"column":21}},"23":{"start":{"line":94,"column":21},"end":{"line":94,"column":65}},"24":{"start":{"line":96,"column":4},"end":{"line":128,"column":5}},"25":{"start":{"line":97,"column":23},"end":{"line":97,"column":34}},"26":{"start":{"line":98,"column":23},"end":{"line":98,"column":25}},"27":{"start":{"line":100,"column":8},"end":{"line":102,"column":9}},"28":{"start":{"line":101,"column":12},"end":{"line":101,"column":46}},"29":{"start":{"line":103,"column":8},"end":{"line":105,"column":9}},"30":{"start":{"line":104,"column":12},"end":{"line":104,"column":44}},"31":{"start":{"line":106,"column":8},"end":{"line":108,"column":9}},"32":{"start":{"line":107,"column":12},"end":{"line":107,"column":38}},"33":{"start":{"line":109,"column":8},"end":{"line":111,"column":9}},"34":{"start":{"line":110,"column":12},"end":{"line":110,"column":44}},"35":{"start":{"line":112,"column":8},"end":{"line":115,"column":9}},"36":{"start":{"line":113,"column":30},"end":{"line":113,"column":66}},"37":{"start":{"line":114,"column":12},"end":{"line":114,"column":40}},"38":{"start":{"line":117,"column":26},"end":{"line":117,"column":30}},"39":{"start":{"line":118,"column":8},"end":{"line":123,"column":9}},"40":{"start":{"line":119,"column":12},"end":{"line":121,"column":15}},"41":{"start":{"line":122,"column":12},"end":{"line":122,"column":31}},"42":{"start":{"line":125,"column":8},"end":{"line":125,"column":27}},"43":{"start":{"line":127,"column":8},"end":{"line":127,"column":21}}},"fnMap":{"0":{"name":"deleteUser","decl":{"start":{"line":19,"column":15},"end":{"line":19,"column":25}},"loc":{"start":{"line":19,"column":36},"end":{"line":21,"column":1}},"line":19},"1":{"name":"addUser","decl":{"start":{"line":23,"column":15},"end":{"line":23,"column":22}},"loc":{"start":{"line":23,"column":29},"end":{"line":48,"column":1}},"line":23},"2":{"name":"login","decl":{"start":{"line":50,"column":15},"end":{"line":50,"column":20}},"loc":{"start":{"line":50,"column":38},"end":{"line":75,"column":1}},"line":50},"3":{"name":"updateProfile","decl":{"start":{"line":86,"column":15},"end":{"line":86,"column":28}},"loc":{"start":{"line":86,"column":47},"end":{"line":133,"column":1}},"line":86}},"branchMap":{"0":{"loc":{"start":{"line":27,"column":4},"end":{"line":29,"column":5}},"type":"if","locations":[{"start":{"line":27,"column":4},"end":{"line":29,"column":5}},{"start":{},"end":{}}],"line":27},"1":{"loc":{"start":{"line":54,"column":4},"end":{"line":57,"column":5}},"type":"if","locations":[{"start":{"line":54,"column":4},"end":{"line":57,"column":5}},{"start":{},"end":{}}],"line":54},"2":{"loc":{"start":{"line":62,"column":4},"end":{"line":70,"column":5}},"type":"if","locations":[{"start":{"line":62,"column":4},"end":{"line":70,"column":5}},{"start":{"line":67,"column":11},"end":{"line":70,"column":5}}],"line":62},"3":{"loc":{"start":{"line":90,"column":4},"end":{"line":92,"column":5}},"type":"if","locations":[{"start":{"line":90,"column":4},"end":{"line":92,"column":5}},{"start":{},"end":{}}],"line":90},"4":{"loc":{"start":{"line":96,"column":4},"end":{"line":128,"column":5}},"type":"if","locations":[{"start":{"line":96,"column":4},"end":{"line":128,"column":5}},{"start":{"line":126,"column":11},"end":{"line":128,"column":5}}],"line":96},"5":{"loc":{"start":{"line":100,"column":8},"end":{"line":102,"column":9}},"type":"if","locations":[{"start":{"line":100,"column":8},"end":{"line":102,"column":9}},{"start":{},"end":{}}],"line":100},"6":{"loc":{"start":{"line":103,"column":8},"end":{"line":105,"column":9}},"type":"if","locations":[{"start":{"line":103,"column":8},"end":{"line":105,"column":9}},{"start":{},"end":{}}],"line":103},"7":{"loc":{"start":{"line":106,"column":8},"end":{"line":108,"column":9}},"type":"if","locations":[{"start":{"line":106,"column":8},"end":{"line":108,"column":9}},{"start":{},"end":{}}],"line":106},"8":{"loc":{"start":{"line":109,"column":8},"end":{"line":111,"column":9}},"type":"if","locations":[{"start":{"line":109,"column":8},"end":{"line":111,"column":9}},{"start":{},"end":{}}],"line":109},"9":{"loc":{"start":{"line":112,"column":8},"end":{"line":115,"column":9}},"type":"if","locations":[{"start":{"line":112,"column":8},"end":{"line":115,"column":9}},{"start":{},"end":{}}],"line":112},"10":{"loc":{"start":{"line":118,"column":8},"end":{"line":123,"column":9}},"type":"if","locations":[{"start":{"line":118,"column":8},"end":{"line":123,"column":9}},{"start":{},"end":{}}],"line":118}},"s":{"0":1,"1":1,"2":1,"3":8,"4":9,"5":9,"6":1,"7":8,"8":8,"9":8,"10":8,"11":3,"12":3,"13":1,"14":2,"15":2,"16":1,"17":1,"18":1,"19":1,"20":4,"21":4,"22":1,"23":3,"24":3,"25":2,"26":2,"27":2,"28":1,"29":2,"30":1,"31":2,"32":1,"33":2,"34":1,"35":2,"36":1,"37":1,"38":2,"39":2,"40":1,"41":1,"42":1,"43":1},"f":{"0":8,"1":9,"2":3,"3":4},"b":{"0":[1,8],"1":[1,2],"2":[1,1],"3":[1,3],"4":[2,1],"5":[1,1],"6":[1,1],"7":[1,1],"8":[1,1],"9":[1,1],"10":[1,1]},"_coverageSchema":"1a1c01bbd47fc00a2c39e90264f33305004495a9","hash":"856e435e14c47fcb54ce329f77e7ef5af1903539"}
,"/Users/edson/Cal Poly/Fall 2023/CSC 307/Chessence/chessence-backend/models/user.js": {"path":"/Users/edson/Cal Poly/Fall 2023/CSC 307/Chessence/chessence-backend/models/user.js","statementMap":{"0":{"start":{"line":3,"column":19},"end":{"line":32,"column":1}}},"fnMap":{},"branchMap":{},"s":{"0":1},"f":{},"b":{},"_coverageSchema":"1a1c01bbd47fc00a2c39e90264f33305004495a9","hash":"00209fbf752d4bafe61a0e7660897045cadb89d2"}
}
