TN:
SF:models/game-services.js
FN:12,getGames
FN:22,findGameById
FN:31,addGame
FN:42,deleteGame
FNF:4
FNH:4
FNDA:2,getGames
FNDA:1,findGameById
FNDA:5,addGame
FNDA:5,deleteGame
DA:6,1
DA:8,1
DA:10,1
DA:14,2
DA:15,1
DA:17,1
DA:19,2
DA:24,1
DA:33,5
DA:34,5
DA:35,5
DA:44,5
DA:45,5
LF:13
LH:13
BRDA:14,0,0,1
BRDA:14,0,1,1
BRF:2
BRH:2
end_of_record
TN:
SF:models/game.js
FNF:0
FNH:0
DA:3,1
LF:1
LH:1
BRF:0
BRH:0
end_of_record
TN:
SF:models/user-services.js
FN:19,deleteUser
FN:23,addUser
FN:50,login
FN:86,updateProfile
FNF:4
FNH:4
FNDA:8,deleteUser
FNDA:9,addUser
FNDA:3,login
FNDA:4,updateProfile
DA:7,1
DA:10,1
DA:12,1
DA:20,8
DA:25,9
DA:27,9
DA:28,1
DA:31,8
DA:33,8
DA:41,8
DA:43,8
DA:52,3
DA:54,3
DA:56,1
DA:60,2
DA:62,2
DA:64,1
DA:65,1
DA:66,1
DA:69,1
DA:88,4
DA:90,4
DA:91,1
DA:94,3
DA:96,3
DA:97,2
DA:98,2
DA:100,2
DA:101,1
DA:103,2
DA:104,1
DA:106,2
DA:107,1
DA:109,2
DA:110,1
DA:112,2
DA:113,1
DA:114,1
DA:117,2
DA:118,2
DA:119,1
DA:122,1
DA:125,1
DA:127,1
LF:44
LH:44
BRDA:27,0,0,1
BRDA:27,0,1,8
BRDA:54,1,0,1
BRDA:54,1,1,2
BRDA:62,2,0,1
BRDA:62,2,1,1
BRDA:90,3,0,1
BRDA:90,3,1,3
BRDA:96,4,0,2
BRDA:96,4,1,1
BRDA:100,5,0,1
BRDA:100,5,1,1
BRDA:103,6,0,1
BRDA:103,6,1,1
BRDA:106,7,0,1
BRDA:106,7,1,1
BRDA:109,8,0,1
BRDA:109,8,1,1
BRDA:112,9,0,1
BRDA:112,9,1,1
BRDA:118,10,0,1
BRDA:118,10,1,1
BRF:22
BRH:22
end_of_record
TN:
SF:models/user.js
FNF:0
FNH:0
DA:3,1
LF:1
LH:1
BRF:0
BRH:0
end_of_record
