TN:
SF:models\user-services.js
FN:28,(anonymous_0)
FN:34,addUser
FN:62,login
FN:87,updateProfile
FNF:4
FNH:1
FNDA:0,(anonymous_0)
FNDA:1,addUser
FNDA:0,login
FNDA:0,updateProfile
DA:7,1
DA:10,1
DA:12,1
DA:28,0
DA:35,1
DA:37,1
DA:39,1
DA:40,0
DA:43,1
DA:45,1
DA:53,1
DA:54,1
DA:55,1
DA:57,0
DA:58,0
DA:63,0
DA:64,0
DA:66,0
DA:68,0
DA:72,0
DA:74,0
DA:76,0
DA:79,0
DA:82,0
DA:83,0
DA:88,0
DA:89,0
DA:91,0
DA:92,0
DA:95,0
DA:97,0
DA:98,0
DA:99,0
DA:101,0
DA:102,0
DA:104,0
DA:105,0
DA:107,0
DA:108,0
DA:110,0
DA:111,0
DA:112,0
DA:115,0
DA:116,0
DA:117,0
DA:120,0
DA:123,0
DA:125,0
DA:128,0
DA:129,0
LF:50
LH:11
BRDA:39,0,0,0
BRDA:39,0,1,1
BRDA:66,1,0,0
BRDA:66,1,1,0
BRDA:74,2,0,0
BRDA:74,2,1,0
BRDA:91,3,0,0
BRDA:91,3,1,0
BRDA:97,4,0,0
BRDA:97,4,1,0
BRDA:101,5,0,0
BRDA:101,5,1,0
BRDA:104,6,0,0
BRDA:104,6,1,0
BRDA:107,7,0,0
BRDA:107,7,1,0
BRDA:110,8,0,0
BRDA:110,8,1,0
BRDA:116,9,0,0
BRDA:116,9,1,0
BRF:20
BRH:1
end_of_record
TN:
SF:models\user.js
FNF:0
FNH:0
DA:3,1
LF:1
LH:1
BRF:0
BRH:0
end_of_record
